[0.043s] DEBUG:colcon:Command line arguments: ['/usr/bin/colcon', 'build', '--packages-select', 'cone_segment']
[0.043s] DEBUG:colcon:Parsed command line arguments: Namespace(log_base=None, log_level=None, verb_name='build', build_base='build', install_base='install', merge_install=False, symlink_install=False, test_result_base=None, continue_on_error=False, executor='parallel', parallel_workers=32, event_handlers=None, ignore_user_meta=False, metas=['./colcon.meta'], base_paths=['.'], packages_ignore=None, packages_ignore_regex=None, paths=None, packages_up_to=None, packages_up_to_regex=None, packages_above=None, packages_above_and_dependencies=None, packages_above_depth=None, packages_select_by_dep=None, packages_skip_by_dep=None, packages_skip_up_to=None, packages_select_build_failed=False, packages_skip_build_finished=False, packages_select_test_failures=False, packages_skip_test_passed=False, packages_select=['cone_segment'], packages_skip=None, packages_select_regex=None, packages_skip_regex=None, packages_start=None, packages_end=None, allow_overriding=[], cmake_args=None, cmake_target=None, cmake_target_skip_unavailable=False, cmake_clean_cache=False, cmake_clean_first=False, cmake_force_configure=False, ament_cmake_args=None, catkin_cmake_args=None, catkin_skip_building_tests=False, mixin_files=None, mixin=None, verb_parser=<colcon_mixin.mixin.mixin_argument.MixinArgumentDecorator object at 0x71b8e7768500>, verb_extension=<colcon_core.verb.build.BuildVerb object at 0x71b8e78d0b60>, main=<bound method BuildVerb.main of <colcon_core.verb.build.BuildVerb object at 0x71b8e78d0b60>>, mixin_verb=('build',))
[0.061s] Level 1:colcon.colcon_core.package_discovery:discover_packages(colcon_meta) check parameters
[0.061s] Level 1:colcon.colcon_core.package_discovery:discover_packages(recursive) check parameters
[0.061s] Level 1:colcon.colcon_core.package_discovery:discover_packages(ignore) check parameters
[0.061s] Level 1:colcon.colcon_core.package_discovery:discover_packages(path) check parameters
[0.061s] Level 1:colcon.colcon_core.package_discovery:discover_packages(colcon_meta) discover
[0.061s] Level 1:colcon.colcon_core.package_discovery:discover_packages(recursive) discover
[0.061s] INFO:colcon.colcon_core.package_discovery:Crawling recursively for packages in '/home/woohyuck/Documents/Lecture_final/capstone_ws'
[0.061s] Level 1:colcon.colcon_core.package_identification:_identify(.) by extensions ['ignore', 'ignore_ament_install']
[0.061s] Level 1:colcon.colcon_core.package_identification:_identify(.) by extension 'ignore'
[0.061s] Level 1:colcon.colcon_core.package_identification:_identify(.) by extension 'ignore_ament_install'
[0.061s] Level 1:colcon.colcon_core.package_identification:_identify(.) by extensions ['colcon_pkg']
[0.061s] Level 1:colcon.colcon_core.package_identification:_identify(.) by extension 'colcon_pkg'
[0.061s] Level 1:colcon.colcon_core.package_identification:_identify(.) by extensions ['colcon_meta']
[0.061s] Level 1:colcon.colcon_core.package_identification:_identify(.) by extension 'colcon_meta'
[0.061s] Level 1:colcon.colcon_core.package_identification:_identify(.) by extensions ['ros']
[0.061s] Level 1:colcon.colcon_core.package_identification:_identify(.) by extension 'ros'
[0.072s] Level 1:colcon.colcon_core.package_identification:_identify(.) by extensions ['cmake', 'python']
[0.072s] Level 1:colcon.colcon_core.package_identification:_identify(.) by extension 'cmake'
[0.072s] Level 1:colcon.colcon_core.package_identification:_identify(.) by extension 'python'
[0.072s] Level 1:colcon.colcon_core.package_identification:_identify(.) by extensions ['python_setup_py']
[0.072s] Level 1:colcon.colcon_core.package_identification:_identify(.) by extension 'python_setup_py'
[0.072s] Level 1:colcon.colcon_core.package_identification:_identify(build) by extensions ['ignore', 'ignore_ament_install']
[0.072s] Level 1:colcon.colcon_core.package_identification:_identify(build) by extension 'ignore'
[0.072s] Level 1:colcon.colcon_core.package_identification:_identify(build) ignored
[0.072s] Level 1:colcon.colcon_core.package_identification:_identify(install) by extensions ['ignore', 'ignore_ament_install']
[0.073s] Level 1:colcon.colcon_core.package_identification:_identify(install) by extension 'ignore'
[0.073s] Level 1:colcon.colcon_core.package_identification:_identify(install) ignored
[0.073s] Level 1:colcon.colcon_core.package_identification:_identify(log) by extensions ['ignore', 'ignore_ament_install']
[0.073s] Level 1:colcon.colcon_core.package_identification:_identify(log) by extension 'ignore'
[0.073s] Level 1:colcon.colcon_core.package_identification:_identify(log) ignored
[0.073s] Level 1:colcon.colcon_core.package_identification:_identify(src) by extensions ['ignore', 'ignore_ament_install']
[0.073s] Level 1:colcon.colcon_core.package_identification:_identify(src) by extension 'ignore'
[0.073s] Level 1:colcon.colcon_core.package_identification:_identify(src) by extension 'ignore_ament_install'
[0.073s] Level 1:colcon.colcon_core.package_identification:_identify(src) by extensions ['colcon_pkg']
[0.073s] Level 1:colcon.colcon_core.package_identification:_identify(src) by extension 'colcon_pkg'
[0.073s] Level 1:colcon.colcon_core.package_identification:_identify(src) by extensions ['colcon_meta']
[0.073s] Level 1:colcon.colcon_core.package_identification:_identify(src) by extension 'colcon_meta'
[0.073s] Level 1:colcon.colcon_core.package_identification:_identify(src) by extensions ['ros']
[0.073s] Level 1:colcon.colcon_core.package_identification:_identify(src) by extension 'ros'
[0.073s] Level 1:colcon.colcon_core.package_identification:_identify(src) by extensions ['cmake', 'python']
[0.073s] Level 1:colcon.colcon_core.package_identification:_identify(src) by extension 'cmake'
[0.073s] Level 1:colcon.colcon_core.package_identification:_identify(src) by extension 'python'
[0.073s] Level 1:colcon.colcon_core.package_identification:_identify(src) by extensions ['python_setup_py']
[0.073s] Level 1:colcon.colcon_core.package_identification:_identify(src) by extension 'python_setup_py'
[0.073s] Level 1:colcon.colcon_core.package_identification:_identify(src/cone_segment) by extensions ['ignore', 'ignore_ament_install']
[0.073s] Level 1:colcon.colcon_core.package_identification:_identify(src/cone_segment) by extension 'ignore'
[0.073s] Level 1:colcon.colcon_core.package_identification:_identify(src/cone_segment) by extension 'ignore_ament_install'
[0.073s] Level 1:colcon.colcon_core.package_identification:_identify(src/cone_segment) by extensions ['colcon_pkg']
[0.073s] Level 1:colcon.colcon_core.package_identification:_identify(src/cone_segment) by extension 'colcon_pkg'
[0.073s] Level 1:colcon.colcon_core.package_identification:_identify(src/cone_segment) by extensions ['colcon_meta']
[0.073s] Level 1:colcon.colcon_core.package_identification:_identify(src/cone_segment) by extension 'colcon_meta'
[0.073s] Level 1:colcon.colcon_core.package_identification:_identify(src/cone_segment) by extensions ['ros']
[0.073s] Level 1:colcon.colcon_core.package_identification:_identify(src/cone_segment) by extension 'ros'
[0.074s] DEBUG:colcon.colcon_core.package_identification:Package 'src/cone_segment' with type 'ros.ament_python' and name 'cone_segment'
[0.074s] Level 1:colcon.colcon_core.package_discovery:discover_packages(recursive) using defaults
[0.074s] Level 1:colcon.colcon_core.package_discovery:discover_packages(ignore) discover
[0.074s] Level 1:colcon.colcon_core.package_discovery:discover_packages(ignore) using defaults
[0.074s] Level 1:colcon.colcon_core.package_discovery:discover_packages(path) discover
[0.074s] Level 1:colcon.colcon_core.package_discovery:discover_packages(path) using defaults
[0.082s] Level 1:colcon.colcon_core.package_discovery:discover_packages(prefix_path) check parameters
[0.082s] Level 1:colcon.colcon_core.package_discovery:discover_packages(prefix_path) discover
[0.082s] WARNING:colcon.colcon_core.prefix_path.colcon:The path '/home/woohyuck/Documents/Lecture_final/install' in the environment variable COLCON_PREFIX_PATH doesn't exist
[0.082s] WARNING:colcon.colcon_ros.prefix_path.ament:The path '/home/woohyuck/Documents/Lecture_final/capstone_ws/install/px4_msgs' in the environment variable AMENT_PREFIX_PATH doesn't exist
[0.082s] WARNING:colcon.colcon_ros.prefix_path.ament:The path '/home/woohyuck/Documents/Lecture_final/capstone_ws/install/cone_segment' in the environment variable AMENT_PREFIX_PATH doesn't exist
[0.082s] WARNING:colcon.colcon_ros.prefix_path.ament:The path '/home/woohyuck/Documents/Lecture_final/install/cone_segment' in the environment variable AMENT_PREFIX_PATH doesn't exist
[0.082s] WARNING:colcon.colcon_ros.prefix_path.catkin:The path '/home/woohyuck/Documents/Lecture_final/capstone_ws/install/px4_msgs' in the environment variable CMAKE_PREFIX_PATH doesn't exist
[0.083s] DEBUG:colcon.colcon_installed_package_information.package_discovery:Found 1 installed packages in /home/woohyuck/px4_ws/install
[0.083s] DEBUG:colcon.colcon_installed_package_information.package_discovery:Found 0 installed packages in /home/woohyuck/Documents/Lecture_final/capstone_ws/install
[0.083s] DEBUG:colcon.colcon_installed_package_information.package_discovery:Found 287 installed packages in /opt/ros/jazzy
[0.084s] Level 1:colcon.colcon_core.package_discovery:discover_packages(prefix_path) using defaults
[0.099s] Level 5:colcon.colcon_core.verb:set package 'cone_segment' build argument 'cmake_args' from command line to 'None'
[0.099s] Level 5:colcon.colcon_core.verb:set package 'cone_segment' build argument 'cmake_target' from command line to 'None'
[0.099s] Level 5:colcon.colcon_core.verb:set package 'cone_segment' build argument 'cmake_target_skip_unavailable' from command line to 'False'
[0.099s] Level 5:colcon.colcon_core.verb:set package 'cone_segment' build argument 'cmake_clean_cache' from command line to 'False'
[0.099s] Level 5:colcon.colcon_core.verb:set package 'cone_segment' build argument 'cmake_clean_first' from command line to 'False'
[0.099s] Level 5:colcon.colcon_core.verb:set package 'cone_segment' build argument 'cmake_force_configure' from command line to 'False'
[0.099s] Level 5:colcon.colcon_core.verb:set package 'cone_segment' build argument 'ament_cmake_args' from command line to 'None'
[0.099s] Level 5:colcon.colcon_core.verb:set package 'cone_segment' build argument 'catkin_cmake_args' from command line to 'None'
[0.099s] Level 5:colcon.colcon_core.verb:set package 'cone_segment' build argument 'catkin_skip_building_tests' from command line to 'False'
[0.099s] DEBUG:colcon.colcon_core.verb:Building package 'cone_segment' with the following arguments: {'ament_cmake_args': None, 'build_base': '/home/woohyuck/Documents/Lecture_final/capstone_ws/build/cone_segment', 'catkin_cmake_args': None, 'catkin_skip_building_tests': False, 'cmake_args': None, 'cmake_clean_cache': False, 'cmake_clean_first': False, 'cmake_force_configure': False, 'cmake_target': None, 'cmake_target_skip_unavailable': False, 'install_base': '/home/woohyuck/Documents/Lecture_final/capstone_ws/install/cone_segment', 'merge_install': False, 'path': '/home/woohyuck/Documents/Lecture_final/capstone_ws/src/cone_segment', 'symlink_install': False, 'test_result_base': None}
[0.099s] INFO:colcon.colcon_core.executor:Executing jobs using 'parallel' executor
[0.099s] DEBUG:colcon.colcon_parallel_executor.executor.parallel:run_until_complete
[0.099s] INFO:colcon.colcon_ros.task.ament_python.build:Building ROS package in '/home/woohyuck/Documents/Lecture_final/capstone_ws/src/cone_segment' with build type 'ament_python'
[0.100s] Level 1:colcon.colcon_core.shell:create_environment_hook('cone_segment', 'ament_prefix_path')
[0.100s] INFO:colcon.colcon_core.plugin_system:Skipping extension 'colcon_core.shell.bat': Not used on non-Windows systems
[0.100s] INFO:colcon.colcon_core.shell:Creating environment hook '/home/woohyuck/Documents/Lecture_final/capstone_ws/install/cone_segment/share/cone_segment/hook/ament_prefix_path.ps1'
[0.101s] INFO:colcon.colcon_core.shell:Creating environment descriptor '/home/woohyuck/Documents/Lecture_final/capstone_ws/install/cone_segment/share/cone_segment/hook/ament_prefix_path.dsv'
[0.101s] INFO:colcon.colcon_core.shell:Creating environment hook '/home/woohyuck/Documents/Lecture_final/capstone_ws/install/cone_segment/share/cone_segment/hook/ament_prefix_path.sh'
[0.101s] INFO:colcon.colcon_core.shell:Skip shell extension 'powershell' for command environment: Not usable outside of PowerShell
[0.101s] DEBUG:colcon.colcon_core.shell:Skip shell extension 'dsv' for command environment
[0.204s] INFO:colcon.colcon_core.task.python.build:Building Python package in '/home/woohyuck/Documents/Lecture_final/capstone_ws/src/cone_segment'
[0.205s] INFO:colcon.colcon_core.shell:Skip shell extension 'powershell' for command environment: Not usable outside of PowerShell
[0.205s] DEBUG:colcon.colcon_core.shell:Skip shell extension 'dsv' for command environment
[0.433s] DEBUG:colcon.colcon_core.event_handler.log_command:Invoking command in '/home/woohyuck/Documents/Lecture_final/capstone_ws/src/cone_segment': DEBUGINFOD_URLS=https://debuginfod.ubuntu.com PYTHONPATH=/home/woohyuck/Documents/Lecture_final/capstone_ws/build/cone_segment/prefix_override:/usr/lib/python3/dist-packages/colcon_core/task/python/colcon_distutils_commands:/home/woohyuck/Documents/Lecture_final/capstone_ws/install/cone_segment/lib/python3.12/site-packages:${PYTHONPATH} /usr/bin/python3 -W ignore:setup.py install is deprecated -W ignore:easy_install command is deprecated setup.py egg_info --egg-base ../../build/cone_segment build --build-base /home/woohyuck/Documents/Lecture_final/capstone_ws/build/cone_segment/build install --record /home/woohyuck/Documents/Lecture_final/capstone_ws/build/cone_segment/install.log --single-version-externally-managed install_data
[0.654s] DEBUG:colcon.colcon_core.event_handler.log_command:Invoked command in '/home/woohyuck/Documents/Lecture_final/capstone_ws/src/cone_segment' returned '0': DEBUGINFOD_URLS=https://debuginfod.ubuntu.com PYTHONPATH=/home/woohyuck/Documents/Lecture_final/capstone_ws/build/cone_segment/prefix_override:/usr/lib/python3/dist-packages/colcon_core/task/python/colcon_distutils_commands:/home/woohyuck/Documents/Lecture_final/capstone_ws/install/cone_segment/lib/python3.12/site-packages:${PYTHONPATH} /usr/bin/python3 -W ignore:setup.py install is deprecated -W ignore:easy_install command is deprecated setup.py egg_info --egg-base ../../build/cone_segment build --build-base /home/woohyuck/Documents/Lecture_final/capstone_ws/build/cone_segment/build install --record /home/woohyuck/Documents/Lecture_final/capstone_ws/build/cone_segment/install.log --single-version-externally-managed install_data
[0.655s] Level 1:colcon.colcon_core.environment:checking '/home/woohyuck/Documents/Lecture_final/capstone_ws/install/cone_segment' for CMake module files
[0.655s] Level 1:colcon.colcon_core.environment:checking '/home/woohyuck/Documents/Lecture_final/capstone_ws/install/cone_segment' for CMake config files
[0.655s] Level 1:colcon.colcon_core.environment:checking '/home/woohyuck/Documents/Lecture_final/capstone_ws/install/cone_segment/lib'
[0.655s] Level 1:colcon.colcon_core.environment:checking '/home/woohyuck/Documents/Lecture_final/capstone_ws/install/cone_segment/bin'
[0.655s] Level 1:colcon.colcon_core.environment:checking '/home/woohyuck/Documents/Lecture_final/capstone_ws/install/cone_segment/lib/pkgconfig/cone_segment.pc'
[0.655s] Level 1:colcon.colcon_core.environment:checking '/home/woohyuck/Documents/Lecture_final/capstone_ws/install/cone_segment/lib/python3.12/site-packages'
[0.655s] Level 1:colcon.colcon_core.shell:create_environment_hook('cone_segment', 'pythonpath')
[0.656s] INFO:colcon.colcon_core.shell:Creating environment hook '/home/woohyuck/Documents/Lecture_final/capstone_ws/install/cone_segment/share/cone_segment/hook/pythonpath.ps1'
[0.656s] INFO:colcon.colcon_core.shell:Creating environment descriptor '/home/woohyuck/Documents/Lecture_final/capstone_ws/install/cone_segment/share/cone_segment/hook/pythonpath.dsv'
[0.656s] INFO:colcon.colcon_core.shell:Creating environment hook '/home/woohyuck/Documents/Lecture_final/capstone_ws/install/cone_segment/share/cone_segment/hook/pythonpath.sh'
[0.656s] Level 1:colcon.colcon_core.environment:checking '/home/woohyuck/Documents/Lecture_final/capstone_ws/install/cone_segment/bin'
[0.656s] Level 1:colcon.colcon_core.environment:create_environment_scripts_only(cone_segment)
[0.656s] INFO:colcon.colcon_core.shell:Creating package script '/home/woohyuck/Documents/Lecture_final/capstone_ws/install/cone_segment/share/cone_segment/package.ps1'
[0.657s] INFO:colcon.colcon_core.shell:Creating package descriptor '/home/woohyuck/Documents/Lecture_final/capstone_ws/install/cone_segment/share/cone_segment/package.dsv'
[0.657s] INFO:colcon.colcon_core.shell:Creating package script '/home/woohyuck/Documents/Lecture_final/capstone_ws/install/cone_segment/share/cone_segment/package.sh'
[0.657s] INFO:colcon.colcon_core.shell:Creating package script '/home/woohyuck/Documents/Lecture_final/capstone_ws/install/cone_segment/share/cone_segment/package.bash'
[0.657s] INFO:colcon.colcon_core.shell:Creating package script '/home/woohyuck/Documents/Lecture_final/capstone_ws/install/cone_segment/share/cone_segment/package.zsh'
[0.658s] Level 1:colcon.colcon_core.environment:create_file_with_runtime_dependencies(/home/woohyuck/Documents/Lecture_final/capstone_ws/install/cone_segment/share/colcon-core/packages/cone_segment)
[0.658s] DEBUG:colcon.colcon_parallel_executor.executor.parallel:closing loop
[0.658s] DEBUG:colcon.colcon_parallel_executor.executor.parallel:loop closed
[0.658s] DEBUG:colcon.colcon_parallel_executor.executor.parallel:run_until_complete finished with '0'
[0.658s] DEBUG:colcon.colcon_core.event_reactor:joining thread
[0.660s] INFO:colcon.colcon_core.plugin_system:Skipping extension 'colcon_notification.desktop_notification.terminal_notifier': Not used on non-Darwin systems
[0.660s] INFO:colcon.colcon_core.plugin_system:Skipping extension 'colcon_notification.desktop_notification.win32': Not used on non-Windows systems
[0.660s] INFO:colcon.colcon_notification.desktop_notification:Sending desktop notification using 'notify2'
[0.687s] DEBUG:colcon.colcon_core.event_reactor:joined thread
[0.687s] INFO:colcon.colcon_core.shell:Creating prefix script '/home/woohyuck/Documents/Lecture_final/capstone_ws/install/local_setup.ps1'
[0.687s] INFO:colcon.colcon_core.shell:Creating prefix util module '/home/woohyuck/Documents/Lecture_final/capstone_ws/install/_local_setup_util_ps1.py'
[0.688s] INFO:colcon.colcon_core.shell:Creating prefix chain script '/home/woohyuck/Documents/Lecture_final/capstone_ws/install/setup.ps1'
[0.688s] INFO:colcon.colcon_core.shell:Creating prefix script '/home/woohyuck/Documents/Lecture_final/capstone_ws/install/local_setup.sh'
[0.688s] INFO:colcon.colcon_core.shell:Creating prefix util module '/home/woohyuck/Documents/Lecture_final/capstone_ws/install/_local_setup_util_sh.py'
[0.688s] INFO:colcon.colcon_core.shell:Creating prefix chain script '/home/woohyuck/Documents/Lecture_final/capstone_ws/install/setup.sh'
[0.689s] INFO:colcon.colcon_core.shell:Creating prefix script '/home/woohyuck/Documents/Lecture_final/capstone_ws/install/local_setup.bash'
[0.689s] INFO:colcon.colcon_core.shell:Creating prefix chain script '/home/woohyuck/Documents/Lecture_final/capstone_ws/install/setup.bash'
[0.689s] INFO:colcon.colcon_core.shell:Creating prefix script '/home/woohyuck/Documents/Lecture_final/capstone_ws/install/local_setup.zsh'
[0.689s] INFO:colcon.colcon_core.shell:Creating prefix chain script '/home/woohyuck/Documents/Lecture_final/capstone_ws/install/setup.zsh'
