/home/woohyuck/Documents/Lecture_final/capstone_ws/install/cone_segment/lib/python3.12/site-packages/cone_segment/speed_controller_node.py
/home/woohyuck/Documents/Lecture_final/capstone_ws/install/cone_segment/lib/python3.12/site-packages/cone_segment/__init__.py
/home/woohyuck/Documents/Lecture_final/capstone_ws/install/cone_segment/lib/python3.12/site-packages/cone_segment/test_sub.py
/home/woohyuck/Documents/Lecture_final/capstone_ws/install/cone_segment/lib/python3.12/site-packages/cone_segment/cone_detector_node.py
/home/woohyuck/Documents/Lecture_final/capstone_ws/install/cone_segment/lib/python3.12/site-packages/cone_segment/__pycache__/speed_controller_node.cpython-312.pyc
/home/woohyuck/Documents/Lecture_final/capstone_ws/install/cone_segment/lib/python3.12/site-packages/cone_segment/__pycache__/__init__.cpython-312.pyc
/home/woohyuck/Documents/Lecture_final/capstone_ws/install/cone_segment/lib/python3.12/site-packages/cone_segment/__pycache__/test_sub.cpython-312.pyc
/home/woohyuck/Documents/Lecture_final/capstone_ws/install/cone_segment/lib/python3.12/site-packages/cone_segment/__pycache__/cone_detector_node.cpython-312.pyc
/home/woohyuck/Documents/Lecture_final/capstone_ws/install/cone_segment/share/ament_index/resource_index/packages/cone_segment
/home/woohyuck/Documents/Lecture_final/capstone_ws/install/cone_segment/share/cone_segment/package.xml
/home/woohyuck/Documents/Lecture_final/capstone_ws/install/cone_segment/share/cone_segment/launch/cone_detector_launch.py
/home/woohyuck/Documents/Lecture_final/capstone_ws/install/cone_segment/lib/python3.12/site-packages/cone_segment-0.0.1-py3.12.egg-info/SOURCES.txt
/home/woohyuck/Documents/Lecture_final/capstone_ws/install/cone_segment/lib/python3.12/site-packages/cone_segment-0.0.1-py3.12.egg-info/PKG-INFO
/home/woohyuck/Documents/Lecture_final/capstone_ws/install/cone_segment/lib/python3.12/site-packages/cone_segment-0.0.1-py3.12.egg-info/top_level.txt
/home/woohyuck/Documents/Lecture_final/capstone_ws/install/cone_segment/lib/python3.12/site-packages/cone_segment-0.0.1-py3.12.egg-info/requires.txt
/home/woohyuck/Documents/Lecture_final/capstone_ws/install/cone_segment/lib/python3.12/site-packages/cone_segment-0.0.1-py3.12.egg-info/entry_points.txt
/home/woohyuck/Documents/Lecture_final/capstone_ws/install/cone_segment/lib/python3.12/site-packages/cone_segment-0.0.1-py3.12.egg-info/dependency_links.txt
/home/woohyuck/Documents/Lecture_final/capstone_ws/install/cone_segment/lib/python3.12/site-packages/cone_segment-0.0.1-py3.12.egg-info/zip-safe
/home/woohyuck/Documents/Lecture_final/capstone_ws/install/cone_segment/lib/cone_segment/cone_detector_node
/home/woohyuck/Documents/Lecture_final/capstone_ws/install/cone_segment/lib/cone_segment/speed_controller_node
/home/woohyuck/Documents/Lecture_final/capstone_ws/install/cone_segment/lib/cone_segment/test_sub
